<?xml version="1.0" encoding="UTF-8"?>
<!-- Generated by org.testng.reporters.JUnitReportReporter -->
<testsuite hostname="BENRADHAS2" failures="0" tests="1" name="UserAccount.NewAccount.baseClass" time="4.750" errors="0" timestamp="2024-09-08T15:13:17 IST" skipped="0">
  <testcase classname="UserAccount.NewAccount.baseClass" name="testcase1" time="4.750"/>
  <system-out>
    <![CDATA[Cannot create an account Invalid Data]]>
  </system-out>
</testsuite> <!-- UserAccount.NewAccount.baseClass -->
